I0524 10:12:56.552577   27952 load.go:31] Reloading schema and connectors...
I0524 10:12:56.580382   27952 control.go:100] [projects/emulator/locations/emulator/services/esggooriginal-1 96fc] UpdateResources(): done
Main schema: sources: schema\schema.gql [876B] 
Connector "example": sources: example\queries.gql [716B] 
I0524 10:12:56.591551   27952 codegen.go:101] [connector "example" javascriptSdk] Generating sources into "C:\\Project\\esggo_original\\src\\dataconnect-generated"
I0524 10:12:56.599790   27952 collector.go:107] schema extensions wrote into "C:\\Project\\esggo_original\\dataconnect\\.dataconnect\\schema"
Generated sources: prelude.gql [84989B] main\implicit.gql [2809B] main\input.gql [61898B] main\relation.gql [29222B] main\query.gql [7671B] main\mutation.gql [20740B] 
I0524 10:12:56.604065   27952 collector.go:107] connector "example" javascriptSdk wrote into "C:\\Project\\esggo_original\\src\\dataconnect-generated"
Generated sources: react\index.cjs.js [1395B] package.json [853B] README.md [17774B] react\esm\package.json [17B] react\README.md [23603B] .guides/usage.md [2150B] .guides/config.json [236B] esm\package.json [17B] index.cjs.js [2432B] react\package.json [460B] react\esm\index.esm.js [1317B] .guides/setup.md [1682B] index.d.ts [3664B] esm\index.esm.js [2146B] react\index.d.ts [1722B] 
I0524 10:12:56.608742   27952 installsdk.go:55] Package @dataconnect/generated is already installed. Skipping installation
I0524 10:12:56.608742   27952 load.go:109] Finished reloading
I0524 10:12:56.609820   27952 dev.go:104] Listening on address (HTTP + gRPC): 127.0.0.1:9399
I0524 10:12:56.609820   27952 dev.go:104] Listening on address (HTTP + gRPC): [::1]:9399
I0524 10:13:00.726823   27952 migrate.go:24] Running migration SQL:
Step 1: CREATE EXTENSION IF NOT EXISTS "uuid-ossp"
Step 2: CREATE TABLE "public"."business" ("id" uuid NOT NULL DEFAULT uuid_generate_v4(), "created_at" timestamptz NOT NULL, "description" text NULL, "environmental_score" double precision NULL, "governance_score" double precision NULL, "industry" text NOT NULL, "name" text NOT NULL, "overall_esg_score" double precision NOT NULL, "social_score" double precision NULL, "website" text NULL, PRIMARY KEY ("id"))
Step 3: CREATE TABLE "public"."esg_detail" ("id" uuid NOT NULL DEFAULT uuid_generate_v4(), "business_id" uuid NULL, "category" text NOT NULL, "created_at" timestamptz NOT NULL, "description" text NOT NULL, "source_url" text NULL, PRIMARY KEY ("id"), CONSTRAINT "esg_detail_business_id_fkey" FOREIGN KEY ("business_id") REFERENCES "public"."business" ("id") ON DELETE SET NULL)
Step 4: CREATE INDEX "esg_detail_businessId_idx" ON "public"."esg_detail" ("business_id")
Step 5: CREATE TABLE "public"."user" ("id" uuid NOT NULL DEFAULT uuid_generate_v4(), "created_at" timestamptz NOT NULL, "display_name" text NOT NULL, "email" text NULL, "photo_url" text NULL, PRIMARY KEY ("id"))
Step 6: CREATE TABLE "public"."user_list" ("id" uuid NOT NULL DEFAULT uuid_generate_v4(), "user_id" uuid NULL, "created_at" timestamptz NOT NULL, "description" text NULL, "name" text NOT NULL, "public" boolean NOT NULL, "updated_at" timestamptz NOT NULL, PRIMARY KEY ("id"), CONSTRAINT "user_list_user_id_fkey" FOREIGN KEY ("user_id") REFERENCES "public"."user" ("id") ON DELETE SET NULL)
Step 7: CREATE INDEX "user_list_userId_idx" ON "public"."user_list" ("user_id")
Step 8: CREATE TABLE "public"."list_business" ("id" uuid NOT NULL DEFAULT uuid_generate_v4(), "business_id" uuid NULL, "user_list_id" uuid NULL, "note" text NULL, "position" integer NOT NULL, PRIMARY KEY ("id"), CONSTRAINT "list_business_business_id_fkey" FOREIGN KEY ("business_id") REFERENCES "public"."business" ("id") ON DELETE SET NULL, CONSTRAINT "list_business_user_list_id_fkey" FOREIGN KEY ("user_list_id") REFERENCES "public"."user_list" ("id") ON DELETE SET NULL)
Step 9: CREATE INDEX "list_business_businessId_idx" ON "public"."list_business" ("business_id")
Step 10: CREATE INDEX "list_business_userListId_idx" ON "public"."list_business" ("user_list_id")
Step 11: CREATE TABLE "public"."suggestion" ("id" uuid NOT NULL DEFAULT uuid_generate_v4(), "user_id" uuid NULL, "business_name" text NULL, "created_at" timestamptz NOT NULL, "details" text NULL, "status" text NOT NULL, "target_business_id" uuid NULL, "type" text NOT NULL, PRIMARY KEY ("id"), CONSTRAINT "suggestion_user_id_fkey" FOREIGN KEY ("user_id") REFERENCES "public"."user" ("id") ON DELETE SET NULL)
Step 12: CREATE INDEX "suggestion_userId_idx" ON "public"."suggestion" ("user_id")
I0524 10:13:00.833663   27952 control.go:100] [projects/emulator/locations/emulator/services/esggooriginal-1 bba2] UpdateResources(): done
Main schema: sources: schema\schema.gql [876B] 
Connector "example": sources: example\queries.gql [716B] 
I0524 10:13:00.838521   27952 configure_emulator.go:21] ConfigureEmulator successed
Request: service_id: "esggooriginal-1"
connection_string: "postgres://127.0.0.1:5433/fdcdb?sslmode=disable"
database: "fdcdb"

Response: 
